\BOOKMARK [1][-]{section.1}{Review\040of\040Propositional\040Logic}{}% 1
\BOOKMARK [2][-]{subsection.1.1}{Connectives}{section.1}% 2
\BOOKMARK [3][-]{subsubsection.1.1.1}{Truth\040Table\040of\040the\040Connectives}{subsection.1.1}% 3
\BOOKMARK [2][-]{subsection.1.2}{Important\040Tautologies}{section.1}% 4
\BOOKMARK [2][-]{subsection.1.3}{Indirect\040Arguments/Proofs\040by\040Contradiction/Reductio\040as\040absurdum}{section.1}% 5
\BOOKMARK [1][-]{section.2}{Predicate\040logic\040and\040Quantifiers}{}% 6
\BOOKMARK [2][-]{subsection.2.1}{Introduce\040quantifiers}{section.2}% 7
\BOOKMARK [3][-]{subsubsection.2.1.1}{\040existential\040quantifier}{subsection.2.1}% 8
\BOOKMARK [3][-]{subsubsection.2.1.2}{\040universal\040quantifier}{subsection.2.1}% 9
\BOOKMARK [3][-]{subsubsection.2.1.3}{!\040for\040one\040and\040only\040one}{subsection.2.1}% 10
\BOOKMARK [2][-]{subsection.2.2}{Alternation\040of\040Quantifiers}{section.2}% 11
\BOOKMARK [2][-]{subsection.2.3}{Negation\040of\040Quantifiers}{section.2}% 12
\BOOKMARK [1][-]{section.3}{Set\040Theory}{}% 13
\BOOKMARK [2][-]{subsection.3.1}{Two\040Ways\040to\040Describe\040Sets}{section.3}% 14
\BOOKMARK [1][-]{section.4}{Set\040Operations}{}% 15
\BOOKMARK [2][-]{subsection.4.1}{Venn\040Diagrams}{section.4}% 16
\BOOKMARK [2][-]{subsection.4.2}{Properties\040of\040Set\040Operations}{section.4}% 17
\BOOKMARK [2][-]{subsection.4.3}{Example\040Proof\040in\040Set\040Theory}{section.4}% 18
\BOOKMARK [1][-]{section.5}{The\040Power\040Set}{}% 19
\BOOKMARK [1][-]{section.6}{Cartesian\040Products}{}% 20
